Arguments: 
  C:\Program Files\nodejs\node.exe C:\Users\div11\.node\corepack\yarn\1.22.15\bin\yarn.js add express tslib express-formidable express-session

PATH: 
  C:\Program Files\PowerShell\7;C:\Users\div11\AppData\Local\Programs\Python\Python312\Scripts\;C:\Users\div11\AppData\Local\Programs\Python\Python312\;C:\Program Files\Common Files\Oracle\Java\javapath;C:\Python38\Scripts\;C:\Python38\;C:\windows\system32;C:\windows;C:\windows\System32\Wbem;C:\windows\System32\WindowsPowerShell\v1.0\;C:\windows\System32\OpenSSH\;C:\Program Files (x86)\NVIDIA Corporation\PhysX\Common;D:\Program files\xampp\apache\bin;C:\WINDOWS\system32;C:\WINDOWS;C:\WINDOWS\System32\Wbem;C:\WINDOWS\System32\WindowsPowerShell\v1.0\;C:\WINDOWS\System32\OpenSSH\;C:\ProgramData\chocolatey\bin;D:\Program files\xampp\php;C:\ProgramData\ComposerSetup\bin;C:\Program Files\Git\cmd;C:\Program Files\Pandoc\;C:\Program Files\PuTTY\;C:\Program Files\dotnet\;C:\Program Files\NVIDIA Corporation\NVIDIA app\NvDLISR;C:\Program Files\nodejs\;C:\Program Files\PowerShell\7\;C:\Users\div11\AppData\Local\Programs\Python\Launcher\;C:\Program Files\MySQL\MySQL Shell 8.0\bin\;C:\Users\div11\AppData\Local\Microsoft\WindowsApps;C:\Users\div11\AppData\Local\Programs\Microsoft VS Code\bin;C:\Users\div11\AppData\Roaming\Composer\vendor\bin;C:\Program Files (x86)\mingw-w64\i686-8.1.0-posix-dwarf-rt_v6-rev0\mingw32\bin;C:\Users\div11\.dotnet\tools;C:\Program Files\dotnet\;C:\Users\div11\AppData\Local\JetBrains\Toolbox\scripts;C:\Users\div11\AppData\Roaming\npm;%USERPROFILE%\AppData\Local\Microsoft\WindowsApps;;D:\Dan\Development\Tuts\API_SubscriptionTracker\node_modules\.bin

Yarn version: 
  1.22.15

Node version: 
  23.3.0

Platform: 
  win32 x64

Trace: 
  Error: EPERM: operation not permitted, unlink 'D:\Dan\Development\Tuts\API_SubscriptionTracker\node_modules\@rollup\rollup-win32-x64-msvc\rollup.win32-x64-msvc.node'

npm manifest: 
  {
    "name": "isapi",
    "version": "0.0.0",
    "private": true,
    "type": "module",
    "scripts": {
      "start": "node app.js",
      "dev": "nodemon app.js"
    },
    "dependencies": {
      "@adminjs/express": "^6.1.1",
      "@adminjs/mongoose": "^4.1.0",
      "@arcjet/node": "^1.0.0-beta.5",
      "adminjs": "^7.8.15",
      "bcryptjs": "^3.0.2",
      "cookie-parser": "~1.4.4",
      "debug": "~2.6.9",
      "dotenv": "^16.4.7",
      "express": "^4.21.2",
      "express-formidable": "^1.2.0",
      "jsonwebtoken": "^9.0.2",
      "mongodb": "^6.15.0",
      "mongoose": "^8.13.1",
      "morgan": "~1.9.1"
    },
    "devDependencies": {
      "@eslint/js": "^9.23.0",
      "eslint": "^9.23.0",
      "globals": "^16.0.0",
      "nodemon": "^3.1.9"
    }
  }

yarn manifest: 
  No manifest

Lockfile: 
  No lockfile
